生成启动时间为 2017/5/1 11:21:05。
     1>项目“C:\Users\Nelson\documents\visual studio 2013\Projects\TanZhiren_0151124257\TanZhiren_0151124257\TanZhiren_0151124257.vcxproj”在节点 2 上(Build 个目标)。
     1>ClCompile:
         C:\Program Files (x86)\Microsoft Visual Studio 12.0\VC\bin\CL.exe /c /ZI /nologo /W3 /WX- /sdl /Od /Oy- /D WIN32 /D _WINDOWS /D _DEBUG /D _UNICODE /D UNICODE /D _AFXDLL /Gm /EHsc /RTC1 /MDd /GS /fp:precise /Zc:wchar_t /Zc:forScope /Yu"stdafx.h" /Fp"Debug\TanZhiren_0151124257.pch" /Fo"Debug\\" /Fd"Debug\vc120.pdb" /Gd /TP /analyze- /errorReport:prompt TanZhiren_0151124257View.cpp
         TanZhiren_0151124257View.cpp
     1>c:\users\nelson\documents\visual studio 2013\projects\tanzhiren_0151124257\tanzhiren_0151124257\tanzhiren_0151124257view.cpp(77): warning C4244: “参数”: 从“LONG”转换到“float”，可能丢失数据
     1>c:\users\nelson\documents\visual studio 2013\projects\tanzhiren_0151124257\tanzhiren_0151124257\tanzhiren_0151124257view.cpp(82): warning C4244: “参数”: 从“LONG”转换到“float”，可能丢失数据
     1>c:\users\nelson\documents\visual studio 2013\projects\tanzhiren_0151124257\tanzhiren_0151124257\tanzhiren_0151124257view.cpp(87): warning C4244: “参数”: 从“LONG”转换到“float”，可能丢失数据
     1>c:\users\nelson\documents\visual studio 2013\projects\tanzhiren_0151124257\tanzhiren_0151124257\tanzhiren_0151124257view.cpp(95): warning C4244: “=”: 从“double”转换到“int”，可能丢失数据
     1>c:\users\nelson\documents\visual studio 2013\projects\tanzhiren_0151124257\tanzhiren_0151124257\tanzhiren_0151124257view.cpp(96): warning C4244: “参数”: 从“LONG”转换到“float”，可能丢失数据
     1>c:\users\nelson\documents\visual studio 2013\projects\tanzhiren_0151124257\tanzhiren_0151124257\tanzhiren_0151124257view.cpp(252): warning C4244: “参数”: 从“LONG”转换到“float”，可能丢失数据
     1>c:\users\nelson\documents\visual studio 2013\projects\tanzhiren_0151124257\tanzhiren_0151124257\tanzhiren_0151124257view.cpp(254): warning C4244: “参数”: 从“LONG”转换到“float”，可能丢失数据
     1>c:\users\nelson\documents\visual studio 2013\projects\tanzhiren_0151124257\tanzhiren_0151124257\tanzhiren_0151124257view.cpp(256): warning C4244: “参数”: 从“LONG”转换到“float”，可能丢失数据
     1>c:\users\nelson\documents\visual studio 2013\projects\tanzhiren_0151124257\tanzhiren_0151124257\tanzhiren_0151124257view.cpp(263): warning C4244: “=”: 从“double”转换到“int”，可能丢失数据
     1>c:\users\nelson\documents\visual studio 2013\projects\tanzhiren_0151124257\tanzhiren_0151124257\tanzhiren_0151124257view.cpp(264): warning C4244: “参数”: 从“LONG”转换到“float”，可能丢失数据
     1>c:\users\nelson\documents\visual studio 2013\projects\tanzhiren_0151124257\tanzhiren_0151124257\tanzhiren_0151124257view.cpp(294): warning C4244: “=”: 从“LONG”转换到“float”，可能丢失数据
     1>c:\users\nelson\documents\visual studio 2013\projects\tanzhiren_0151124257\tanzhiren_0151124257\tanzhiren_0151124257view.cpp(295): warning C4244: “=”: 从“LONG”转换到“float”，可能丢失数据
     1>c:\users\nelson\documents\visual studio 2013\projects\tanzhiren_0151124257\tanzhiren_0151124257\tanzhiren_0151124257view.cpp(296): warning C4244: “=”: 从“LONG”转换到“float”，可能丢失数据
     1>c:\users\nelson\documents\visual studio 2013\projects\tanzhiren_0151124257\tanzhiren_0151124257\tanzhiren_0151124257view.cpp(301): warning C4244: “=”: 从“LONG”转换到“float”，可能丢失数据
     1>c:\users\nelson\documents\visual studio 2013\projects\tanzhiren_0151124257\tanzhiren_0151124257\tanzhiren_0151124257view.cpp(303): warning C4244: “参数”: 从“float”转换到“int”，可能丢失数据
     1>c:\users\nelson\documents\visual studio 2013\projects\tanzhiren_0151124257\tanzhiren_0151124257\tanzhiren_0151124257view.cpp(309): warning C4244: “=”: 从“LONG”转换到“float”，可能丢失数据
     1>c:\users\nelson\documents\visual studio 2013\projects\tanzhiren_0151124257\tanzhiren_0151124257\tanzhiren_0151124257view.cpp(311): warning C4244: “参数”: 从“float”转换到“int”，可能丢失数据
     1>c:\users\nelson\documents\visual studio 2013\projects\tanzhiren_0151124257\tanzhiren_0151124257\tanzhiren_0151124257view.cpp(322): warning C4244: “=”: 从“float”转换到“int”，可能丢失数据
     1>c:\users\nelson\documents\visual studio 2013\projects\tanzhiren_0151124257\tanzhiren_0151124257\tanzhiren_0151124257view.cpp(322): warning C4244: “=”: 从“int”转换到“float”，可能丢失数据
     1>c:\users\nelson\documents\visual studio 2013\projects\tanzhiren_0151124257\tanzhiren_0151124257\tanzhiren_0151124257view.cpp(323): warning C4244: “=”: 从“float”转换到“int”，可能丢失数据
     1>c:\users\nelson\documents\visual studio 2013\projects\tanzhiren_0151124257\tanzhiren_0151124257\tanzhiren_0151124257view.cpp(323): warning C4244: “=”: 从“int”转换到“float”，可能丢失数据
     1>c:\users\nelson\documents\visual studio 2013\projects\tanzhiren_0151124257\tanzhiren_0151124257\tanzhiren_0151124257view.cpp(324): warning C4244: “=”: 从“float”转换到“int”，可能丢失数据
     1>c:\users\nelson\documents\visual studio 2013\projects\tanzhiren_0151124257\tanzhiren_0151124257\tanzhiren_0151124257view.cpp(379): warning C4244: “=”: 从“float”转换到“int”，可能丢失数据
     1>c:\users\nelson\documents\visual studio 2013\projects\tanzhiren_0151124257\tanzhiren_0151124257\tanzhiren_0151124257view.cpp(380): warning C4244: “=”: 从“float”转换到“int”，可能丢失数据
     1>c:\users\nelson\documents\visual studio 2013\projects\tanzhiren_0151124257\tanzhiren_0151124257\tanzhiren_0151124257view.cpp(381): warning C4244: “=”: 从“float”转换到“int”，可能丢失数据
     1>c:\users\nelson\documents\visual studio 2013\projects\tanzhiren_0151124257\tanzhiren_0151124257\tanzhiren_0151124257view.cpp(382): warning C4244: “=”: 从“float”转换到“int”，可能丢失数据
     1>c:\users\nelson\documents\visual studio 2013\projects\tanzhiren_0151124257\tanzhiren_0151124257\tanzhiren_0151124257view.cpp(439): warning C4244: “=”: 从“double”转换到“float”，可能丢失数据
     1>c:\users\nelson\documents\visual studio 2013\projects\tanzhiren_0151124257\tanzhiren_0151124257\tanzhiren_0151124257view.cpp(442): warning C4244: “参数”: 从“float”转换到“int”，可能丢失数据
     1>c:\users\nelson\documents\visual studio 2013\projects\tanzhiren_0151124257\tanzhiren_0151124257\tanzhiren_0151124257view.cpp(444): warning C4244: “+=”: 从“double”转换到“float”，可能丢失数据
     1>c:\users\nelson\documents\visual studio 2013\projects\tanzhiren_0151124257\tanzhiren_0151124257\tanzhiren_0151124257view.cpp(447): warning C4244: “+=”: 从“double”转换到“float”，可能丢失数据
       Link:
         C:\Program Files (x86)\Microsoft Visual Studio 12.0\VC\bin\link.exe /ERRORREPORT:PROMPT /OUT:"C:\Users\Nelson\documents\visual studio 2013\Projects\TanZhiren_0151124257\Debug\TanZhiren_0151124257.exe" /INCREMENTAL /NOLOGO /MANIFEST /MANIFESTUAC:"level='asInvoker' uiAccess='false'" /manifest:embed /manifestinput:"C:\Program Files (x86)\Microsoft Visual Studio 12.0\VC\Include\Manifest\dpiaware.manifest" /DEBUG /PDB:"C:\Users\Nelson\documents\visual studio 2013\Projects\TanZhiren_0151124257\Debug\TanZhiren_0151124257.pdb" /SUBSYSTEM:WINDOWS /TLBID:1 /ENTRY:"wWinMainCRTStartup" /DYNAMICBASE /NXCOMPAT /IMPLIB:"C:\Users\Nelson\documents\visual studio 2013\Projects\TanZhiren_0151124257\Debug\TanZhiren_0151124257.lib" /MACHINE:X86 Debug\TanZhiren_0151124257.res
         Debug\MainFrm.obj
         Debug\stdafx.obj
         Debug\TanZhiren_0151124257.obj
         Debug\TanZhiren_0151124257Doc.obj
         Debug\TanZhiren_0151124257View.obj
         TanZhiren_0151124257.vcxproj -> C:\Users\Nelson\documents\visual studio 2013\Projects\TanZhiren_0151124257\Debug\TanZhiren_0151124257.exe
     1>已完成生成项目“C:\Users\Nelson\documents\visual studio 2013\Projects\TanZhiren_0151124257\TanZhiren_0151124257\TanZhiren_0151124257.vcxproj”(Build 个目标)的操作。

生成成功。

已用时间 00:00:01.52
